Build started 5/24/2018 20:55:33.
     1>Project "D:\C++\LearnCpp\Operators\Operators\Operators.vcxproj" on node 2 (build target(s)).
     1>InitializeBuildStatus:
         Creating "Debug\Operators.unsuccessfulbuild" because "AlwaysCreate" was specified.
       ClCompile:
         All outputs are up-to-date.
         D:\software\Program\vs2010\VC\bin\CL.exe /c /ZI /nologo /W3 /WX- /Od /Oy- /D WIN32 /D _DEBUG /D _CONSOLE /D _UNICODE /D UNICODE /Gm /EHsc /RTC1 /MDd /GS /fp:precise /Zc:wchar_t /Zc:forScope /Yu"StdAfx.h" /Fp"Debug\Operators.pch" /Fo"Debug\\" /Fd"Debug\vc100.pdb" /Gd /TP /analyze- /errorReport:prompt Operators.cpp
         Operators.cpp
     1>d:\c++\learncpp\operators\operators\bitwise.h(22): warning C4800: 'unsigned long' : forcing value to bool 'true' or 'false' (performance warning)
       ManifestResourceCompile:
         All outputs are up-to-date.
       Link:
         D:\software\Program\vs2010\VC\bin\link.exe /ERRORREPORT:PROMPT /OUT:"D:\C++\LearnCpp\Operators\Debug\Operators.exe" /INCREMENTAL /NOLOGO kernel32.lib user32.lib gdi32.lib winspool.lib comdlg32.lib advapi32.lib shell32.lib ole32.lib oleaut32.lib uuid.lib odbc32.lib odbccp32.lib /MANIFEST /ManifestFile:"Debug\Operators.exe.intermediate.manifest" /MANIFESTUAC:"level='asInvoker' uiAccess='false'" /DEBUG /PDB:"D:\C++\LearnCpp\Operators\Debug\Operators.pdb" /SUBSYSTEM:CONSOLE /TLBID:1 /DYNAMICBASE /NXCOMPAT /IMPLIB:"D:\C++\LearnCpp\Operators\Debug\Operators.lib" /MACHINE:X86 Debug\Operators.exe.embed.manifest.res
         Debug\Operators.obj
         Debug\stdafx.obj
       Manifest:
         C:\Program Files (x86)\Microsoft SDKs\Windows\v7.0A\bin\mt.exe /nologo /verbose /out:"Debug\Operators.exe.embed.manifest" /manifest Debug\Operators.exe.intermediate.manifest
         All outputs are up-to-date.
       LinkEmbedManifest:
         All outputs are up-to-date.
         Operators.vcxproj -> D:\C++\LearnCpp\Operators\Debug\Operators.exe
       FinalizeBuildStatus:
         Deleting file "Debug\Operators.unsuccessfulbuild".
         Touching "Debug\Operators.lastbuildstate".
     1>Done Building Project "D:\C++\LearnCpp\Operators\Operators\Operators.vcxproj" (build target(s)).

Build succeeded.

Time Elapsed 00:00:01.21
