Build started 5/31/2018 1:09:52.
     1>Project "D:\C++\LearnCpp\AutoTemplate\AutoTemplate\AutoTemplate.vcxproj" on node 2 (build target(s)).
     1>InitializeBuildStatus:
         Creating "Release\AutoTemplate.unsuccessfulbuild" because "AlwaysCreate" was specified.
       ClCompile:
         All outputs are up-to-date.
         D:\software\Program\vs2010\VC\bin\CL.exe /c /Zi /nologo /W3 /WX- /O2 /Oi /Oy- /GL /D WIN32 /D NDEBUG /D _CONSOLE /D _UNICODE /D UNICODE /Gm- /EHsc /MD /GS /Gy /fp:precise /Zc:wchar_t /Zc:forScope /Yu"StdAfx.h" /Fp"Release\AutoTemplate.pch" /Fo"Release\\" /Fd"Release\vc100.pdb" /Gd /TP /analyze- /errorReport:prompt AutoTemplate.cpp
         AutoTemplate.cpp
     1>d:\c++\learncpp\autotemplate\autotemplate\ClassSpec.h(80): warning C4800: 'int' : forcing value to bool 'true' or 'false' (performance warning)
       Link:
         D:\software\Program\vs2010\VC\bin\link.exe /ERRORREPORT:PROMPT /OUT:"D:\C++\LearnCpp\AutoTemplate\Release\AutoTemplate.exe" /INCREMENTAL:NO /NOLOGO kernel32.lib user32.lib gdi32.lib winspool.lib comdlg32.lib advapi32.lib shell32.lib ole32.lib oleaut32.lib uuid.lib odbc32.lib odbccp32.lib /MANIFEST /ManifestFile:"Release\AutoTemplate.exe.intermediate.manifest" /MANIFESTUAC:"level='asInvoker' uiAccess='false'" /DEBUG /PDB:"D:\C++\LearnCpp\AutoTemplate\Release\AutoTemplate.pdb" /SUBSYSTEM:CONSOLE /OPT:REF /OPT:ICF /LTCG /TLBID:1 /DYNAMICBASE /NXCOMPAT /IMPLIB:"D:\C++\LearnCpp\AutoTemplate\Release\AutoTemplate.lib" /MACHINE:X86 Release\AHTemplateClass.obj
         Release\AutoTemplate.obj
         Release\stdafx.obj
         Generating code
         Finished generating code
         AutoTemplate.vcxproj -> D:\C++\LearnCpp\AutoTemplate\Release\AutoTemplate.exe
       Manifest:
         C:\Program Files (x86)\Microsoft SDKs\Windows\v7.0A\bin\mt.exe /nologo /verbose /outputresource:"D:\C++\LearnCpp\AutoTemplate\Release\AutoTemplate.exe;#1" /manifest Release\AutoTemplate.exe.intermediate.manifest
       FinalizeBuildStatus:
         Deleting file "Release\AutoTemplate.unsuccessfulbuild".
         Touching "Release\AutoTemplate.lastbuildstate".
     1>Done Building Project "D:\C++\LearnCpp\AutoTemplate\AutoTemplate\AutoTemplate.vcxproj" (build target(s)).

Build succeeded.

Time Elapsed 00:00:00.67
