Build started 5/26/2018 0:53:54.
     1>Project "D:\C++\LearnCpp\14Exceptions\14Exceptions\14Exceptions.vcxproj" on node 2 (build target(s)).
     1>InitializeBuildStatus:
         Creating "Debug\14Exceptions.unsuccessfulbuild" because "AlwaysCreate" was specified.
       ClCompile:
         D:\software\Program\vs2010\VC\bin\CL.exe /c /ZI /nologo /W3 /WX- /Od /Oy- /D WIN32 /D _DEBUG /D _WINDOWS /D _UNICODE /D UNICODE /Gm /EHsc /RTC1 /MDd /GS /fp:precise /Zc:wchar_t /Zc:forScope /Fo"Debug\\" /Fd"Debug\vc100.pdb" /Gd /TP /analyze- /errorReport:prompt main.cpp
         main.cpp
     1>d:\c++\learncpp\14exceptions\14exceptions\basic.h(36): warning C4101: 'str' : unreferenced local variable
       ManifestResourceCompile:
         All outputs are up-to-date.
       Link:
         D:\software\Program\vs2010\VC\bin\link.exe /ERRORREPORT:PROMPT /OUT:"D:\C++\LearnCpp\14Exceptions\Debug\14Exceptions.exe" /INCREMENTAL /NOLOGO kernel32.lib user32.lib gdi32.lib winspool.lib comdlg32.lib advapi32.lib shell32.lib ole32.lib oleaut32.lib uuid.lib odbc32.lib odbccp32.lib /MANIFEST /ManifestFile:"Debug\14Exceptions.exe.intermediate.manifest" /MANIFESTUAC:"level='asInvoker' uiAccess='false'" /DEBUG /PDB:"D:\C++\LearnCpp\14Exceptions\Debug\14Exceptions.pdb" /SUBSYSTEM:CONSOLE /TLBID:1 /DYNAMICBASE /NXCOMPAT /IMPLIB:"D:\C++\LearnCpp\14Exceptions\Debug\14Exceptions.lib" /MACHINE:X86 Debug\14Exceptions.exe.embed.manifest.res
         Debug\main.obj
       Manifest:
         C:\Program Files (x86)\Microsoft SDKs\Windows\v7.0A\bin\mt.exe /nologo /verbose /out:"Debug\14Exceptions.exe.embed.manifest" /manifest Debug\14Exceptions.exe.intermediate.manifest
         All outputs are up-to-date.
       LinkEmbedManifest:
         All outputs are up-to-date.
         14Exceptions.vcxproj -> D:\C++\LearnCpp\14Exceptions\Debug\14Exceptions.exe
       FinalizeBuildStatus:
         Deleting file "Debug\14Exceptions.unsuccessfulbuild".
         Touching "Debug\14Exceptions.lastbuildstate".
     1>Done Building Project "D:\C++\LearnCpp\14Exceptions\14Exceptions\14Exceptions.vcxproj" (build target(s)).

Build succeeded.

Time Elapsed 00:00:00.82
