D:\C++\LEARNCPP.COM\13.TEMPLATE\AUTOTEMPLATE\AUTOTEMPLATE\DEBUG\AHTEMPLATECLASS.OBJ
D:\C++\LEARNCPP.COM\13.TEMPLATE\AUTOTEMPLATE\AUTOTEMPLATE\DEBUG\AUTOTEMPLATE.EXE.EMBED.MANIFEST
D:\C++\LEARNCPP.COM\13.TEMPLATE\AUTOTEMPLATE\AUTOTEMPLATE\DEBUG\AUTOTEMPLATE.EXE.EMBED.MANIFEST.RES
D:\C++\LEARNCPP.COM\13.TEMPLATE\AUTOTEMPLATE\AUTOTEMPLATE\DEBUG\AUTOTEMPLATE.EXE.INTERMEDIATE.MANIFEST
D:\C++\LEARNCPP.COM\13.TEMPLATE\AUTOTEMPLATE\AUTOTEMPLATE\DEBUG\AUTOTEMPLATE.OBJ
D:\C++\LEARNCPP.COM\13.TEMPLATE\AUTOTEMPLATE\AUTOTEMPLATE\DEBUG\AUTOTEMPLATE.PCH
D:\C++\LearnCpp.com\13.Template\AutoTemplate\AutoTemplate\Debug\AutoTemplate.vcxprojResolveAssemblyReference.cache
D:\C++\LearnCpp.com\13.Template\AutoTemplate\AutoTemplate\Debug\AutoTemplate.write.1.tlog
D:\C++\LearnCpp.com\13.Template\AutoTemplate\AutoTemplate\Debug\AutoTemplate_manifest.rc
D:\C++\LearnCpp.com\13.Template\AutoTemplate\AutoTemplate\Debug\cl.command.1.tlog
D:\C++\LearnCpp.com\13.Template\AutoTemplate\AutoTemplate\Debug\CL.read.1.tlog
D:\C++\LearnCpp.com\13.Template\AutoTemplate\AutoTemplate\Debug\CL.write.1.tlog
D:\C++\LearnCpp.com\13.Template\AutoTemplate\AutoTemplate\Debug\link.4624.read.1.tlog
D:\C++\LearnCpp.com\13.Template\AutoTemplate\AutoTemplate\Debug\link.4624.write.1.tlog
D:\C++\LearnCpp.com\13.Template\AutoTemplate\AutoTemplate\Debug\link.4624-cvtres.read.1.tlog
D:\C++\LearnCpp.com\13.Template\AutoTemplate\AutoTemplate\Debug\link.4624-cvtres.write.1.tlog
D:\C++\LearnCpp.com\13.Template\AutoTemplate\AutoTemplate\Debug\link.5412.read.1.tlog
D:\C++\LearnCpp.com\13.Template\AutoTemplate\AutoTemplate\Debug\link.5412.write.1.tlog
D:\C++\LearnCpp.com\13.Template\AutoTemplate\AutoTemplate\Debug\link.5412-cvtres.read.1.tlog
D:\C++\LearnCpp.com\13.Template\AutoTemplate\AutoTemplate\Debug\link.5412-cvtres.write.1.tlog
D:\C++\LearnCpp.com\13.Template\AutoTemplate\AutoTemplate\Debug\link.command.1.tlog
D:\C++\LearnCpp.com\13.Template\AutoTemplate\AutoTemplate\Debug\link.read.1.tlog
D:\C++\LearnCpp.com\13.Template\AutoTemplate\AutoTemplate\Debug\link.write.1.tlog
D:\C++\LearnCpp.com\13.Template\AutoTemplate\AutoTemplate\Debug\link-cvtres.read.1.tlog
D:\C++\LearnCpp.com\13.Template\AutoTemplate\AutoTemplate\Debug\link-cvtres.write.1.tlog
D:\C++\LearnCpp.com\13.Template\AutoTemplate\AutoTemplate\Debug\mt.command.1.tlog
D:\C++\LearnCpp.com\13.Template\AutoTemplate\AutoTemplate\Debug\mt.read.1.tlog
D:\C++\LearnCpp.com\13.Template\AutoTemplate\AutoTemplate\Debug\mt.write.1.tlog
D:\C++\LearnCpp.com\13.Template\AutoTemplate\AutoTemplate\Debug\rc.command.1.tlog
D:\C++\LearnCpp.com\13.Template\AutoTemplate\AutoTemplate\Debug\rc.read.1.tlog
D:\C++\LearnCpp.com\13.Template\AutoTemplate\AutoTemplate\Debug\rc.write.1.tlog
D:\C++\LEARNCPP.COM\13.TEMPLATE\AUTOTEMPLATE\AUTOTEMPLATE\DEBUG\STDAFX.OBJ
D:\C++\LearnCpp.com\13.Template\AutoTemplate\AutoTemplate\Debug\vc100.idb
D:\C++\LEARNCPP.COM\13.TEMPLATE\AUTOTEMPLATE\AUTOTEMPLATE\DEBUG\VC100.PDB
D:\C++\LEARNCPP.COM\13.TEMPLATE\AUTOTEMPLATE\DEBUG\AUTOTEMPLATE.EXE
D:\C++\LEARNCPP.COM\13.TEMPLATE\AUTOTEMPLATE\DEBUG\AUTOTEMPLATE.ILK
D:\C++\LEARNCPP.COM\13.TEMPLATE\AUTOTEMPLATE\DEBUG\AUTOTEMPLATE.PDB
