Build started 5/28/2018 23:29:53.
     1>Project "D:\C++\LearnCpp\SamrtPointer\SamrtPointer\SamrtPointer.vcxproj" on node 2 (build target(s)).
     1>InitializeBuildStatus:
         Creating "Debug\SamrtPointer.unsuccessfulbuild" because "AlwaysCreate" was specified.
       ClCompile:
         D:\software\Program\vs2010\VC\bin\CL.exe /c /ZI /nologo /W3 /WX- /Od /Oy- /D WIN32 /D _DEBUG /D _CONSOLE /D _UNICODE /D UNICODE /Gm /EHsc /RTC1 /MDd /GS /fp:precise /Zc:wchar_t /Zc:forScope /Fo"Debug\\" /Fd"Debug\vc100.pdb" /Gd /TP /analyze- /errorReport:prompt main.cpp
         main.cpp
       ManifestResourceCompile:
         All outputs are up-to-date.
       Link:
         D:\software\Program\vs2010\VC\bin\link.exe /ERRORREPORT:PROMPT /OUT:"D:\C++\LearnCpp\SamrtPointer\Debug\SamrtPointer.exe" /INCREMENTAL /NOLOGO kernel32.lib user32.lib gdi32.lib winspool.lib comdlg32.lib advapi32.lib shell32.lib ole32.lib oleaut32.lib uuid.lib odbc32.lib odbccp32.lib /MANIFEST /ManifestFile:"Debug\SamrtPointer.exe.intermediate.manifest" /MANIFESTUAC:"level='asInvoker' uiAccess='false'" /DEBUG /PDB:"D:\C++\LearnCpp\SamrtPointer\Debug\SamrtPointer.pdb" /SUBSYSTEM:CONSOLE /TLBID:1 /DYNAMICBASE /NXCOMPAT /IMPLIB:"D:\C++\LearnCpp\SamrtPointer\Debug\SamrtPointer.lib" /MACHINE:X86 Debug\SamrtPointer.exe.embed.manifest.res
         Debug\main.obj
       Manifest:
         C:\Program Files (x86)\Microsoft SDKs\Windows\v7.0A\bin\mt.exe /nologo /verbose /out:"Debug\SamrtPointer.exe.embed.manifest" /manifest Debug\SamrtPointer.exe.intermediate.manifest
         All outputs are up-to-date.
       LinkEmbedManifest:
         All outputs are up-to-date.
         SamrtPointer.vcxproj -> D:\C++\LearnCpp\SamrtPointer\Debug\SamrtPointer.exe
       FinalizeBuildStatus:
         Deleting file "Debug\SamrtPointer.unsuccessfulbuild".
         Touching "Debug\SamrtPointer.lastbuildstate".
     1>Done Building Project "D:\C++\LearnCpp\SamrtPointer\SamrtPointer\SamrtPointer.vcxproj" (build target(s)).

Build succeeded.

Time Elapsed 00:00:01.68
