D:\C++\LEARNCPP\STRING\DEBUG\STRING.EXE
D:\C++\LEARNCPP\STRING\DEBUG\STRING.ILK
D:\C++\LEARNCPP\STRING\DEBUG\STRING.PDB
D:\C++\LearnCpp\string\string\Debug\cl.command.1.tlog
D:\C++\LearnCpp\string\string\Debug\CL.read.1.tlog
D:\C++\LearnCpp\string\string\Debug\CL.write.1.tlog
D:\C++\LearnCpp\string\string\Debug\link.10712.read.1.tlog
D:\C++\LearnCpp\string\string\Debug\link.10712.write.1.tlog
D:\C++\LearnCpp\string\string\Debug\link.10712-cvtres.read.1.tlog
D:\C++\LearnCpp\string\string\Debug\link.10712-cvtres.write.1.tlog
D:\C++\LearnCpp\string\string\Debug\link.1656.read.1.tlog
D:\C++\LearnCpp\string\string\Debug\link.1656.write.1.tlog
D:\C++\LearnCpp\string\string\Debug\link.1656-cvtres.read.1.tlog
D:\C++\LearnCpp\string\string\Debug\link.1656-cvtres.write.1.tlog
D:\C++\LearnCpp\string\string\Debug\link.2396.read.1.tlog
D:\C++\LearnCpp\string\string\Debug\link.2396.write.1.tlog
D:\C++\LearnCpp\string\string\Debug\link.2396-cvtres.read.1.tlog
D:\C++\LearnCpp\string\string\Debug\link.2396-cvtres.write.1.tlog
D:\C++\LearnCpp\string\string\Debug\link.2600.read.1.tlog
D:\C++\LearnCpp\string\string\Debug\link.2600.write.1.tlog
D:\C++\LearnCpp\string\string\Debug\link.2600-cvtres.read.1.tlog
D:\C++\LearnCpp\string\string\Debug\link.2600-cvtres.write.1.tlog
D:\C++\LearnCpp\string\string\Debug\link.3688.read.1.tlog
D:\C++\LearnCpp\string\string\Debug\link.3688.write.1.tlog
D:\C++\LearnCpp\string\string\Debug\link.3688-cvtres.read.1.tlog
D:\C++\LearnCpp\string\string\Debug\link.3688-cvtres.write.1.tlog
D:\C++\LearnCpp\string\string\Debug\link.6772.read.1.tlog
D:\C++\LearnCpp\string\string\Debug\link.6772.write.1.tlog
D:\C++\LearnCpp\string\string\Debug\link.6772-cvtres.read.1.tlog
D:\C++\LearnCpp\string\string\Debug\link.6772-cvtres.write.1.tlog
D:\C++\LearnCpp\string\string\Debug\link.8400.read.1.tlog
D:\C++\LearnCpp\string\string\Debug\link.8400.write.1.tlog
D:\C++\LearnCpp\string\string\Debug\link.8400-cvtres.read.1.tlog
D:\C++\LearnCpp\string\string\Debug\link.8400-cvtres.write.1.tlog
D:\C++\LearnCpp\string\string\Debug\link.command.1.tlog
D:\C++\LearnCpp\string\string\Debug\link.read.1.tlog
D:\C++\LearnCpp\string\string\Debug\link.write.1.tlog
D:\C++\LearnCpp\string\string\Debug\link-cvtres.read.1.tlog
D:\C++\LearnCpp\string\string\Debug\link-cvtres.write.1.tlog
D:\C++\LEARNCPP\STRING\STRING\DEBUG\MAIN.OBJ
D:\C++\LearnCpp\string\string\Debug\mt.command.1.tlog
D:\C++\LearnCpp\string\string\Debug\mt.read.1.tlog
D:\C++\LearnCpp\string\string\Debug\mt.write.1.tlog
D:\C++\LearnCpp\string\string\Debug\rc.command.1.tlog
D:\C++\LearnCpp\string\string\Debug\rc.read.1.tlog
D:\C++\LearnCpp\string\string\Debug\rc.write.1.tlog
D:\C++\LEARNCPP\STRING\STRING\DEBUG\STRING.EXE.EMBED.MANIFEST
D:\C++\LEARNCPP\STRING\STRING\DEBUG\STRING.EXE.EMBED.MANIFEST.RES
D:\C++\LEARNCPP\STRING\STRING\DEBUG\STRING.EXE.INTERMEDIATE.MANIFEST
D:\C++\LearnCpp\string\string\Debug\string.vcxprojResolveAssemblyReference.cache
D:\C++\LearnCpp\string\string\Debug\string.write.1.tlog
D:\C++\LearnCpp\string\string\Debug\string_manifest.rc
D:\C++\LearnCpp\string\string\Debug\vc100.idb
D:\C++\LEARNCPP\STRING\STRING\DEBUG\VC100.PDB
